{
  "RSpec": {
    "coverage": {
      "/Users/michaelmckenna/Coding/Rails/acc_proj_management/app/helpers/application_helper.rb": [
        1,
        null
      ],
      "/Users/michaelmckenna/Coding/Rails/acc_proj_management/app/helpers/home_helper.rb": [
        1,
        null
      ],
      "/Users/michaelmckenna/Coding/Rails/acc_proj_management/app/helpers/sessions_helper.rb": [
        1,
        null
      ],
      "/Users/michaelmckenna/Coding/Rails/acc_proj_management/app/controllers/home_controller.rb": [
        1,
        1,
        null,
        null
      ],
      "/Users/michaelmckenna/Coding/Rails/acc_proj_management/app/controllers/application_controller.rb": [
        1,
        1,
        1,
        null,
        1,
        0,
        null,
        null
      ],
      "/Users/michaelmckenna/Coding/Rails/acc_proj_management/app/controllers/projects_controller.rb": [
        1,
        null,
        1,
        3,
        null,
        null,
        1,
        3,
        null,
        null,
        1,
        0,
        null,
        null,
        1,
        0,
        0,
        0,
        0,
        null,
        0,
        null,
        null,
        null,
        1,
        0,
        0,
        0,
        0,
        null,
        0,
        null,
        null,
        null,
        null,
        1,
        2,
        null,
        null,
        1,
        0,
        0,
        0,
        0,
        null,
        null,
        1,
        1,
        0,
        null,
        null
      ],
      "/Users/michaelmckenna/Coding/Rails/acc_proj_management/app/controllers/sessions_controller.rb": [
        1,
        1,
        1,
        1,
        1,
        null,
        null,
        1,
        1,
        1,
        null,
        null
      ],
      "/Users/michaelmckenna/Coding/Rails/acc_proj_management/app/controllers/users_controller.rb": [
        1,
        null,
        1,
        null,
        null,
        null,
        null
      ],
      "/Users/michaelmckenna/Coding/Rails/acc_proj_management/app/models/project.rb": [
        1,
        1,
        1,
        1,
        1,
        null
      ],
      "/Users/michaelmckenna/Coding/Rails/acc_proj_management/app/models/application_record.rb": [
        1,
        1,
        null
      ],
      "/Users/michaelmckenna/Coding/Rails/acc_proj_management/app/models/user.rb": [
        1,
        1,
        null,
        1,
        1,
        1,
        1,
        1,
        1,
        1,
        1,
        null,
        null,
        null
      ],
      "/Users/michaelmckenna/Coding/Rails/acc_proj_management/app/mailers/application_mailer.rb": [
        0,
        0,
        0,
        0
      ],
      "/Users/michaelmckenna/Coding/Rails/acc_proj_management/app/jobs/application_job.rb": [
        0,
        0
      ],
      "/Users/michaelmckenna/Coding/Rails/acc_proj_management/app/channels/application_cable/connection.rb": [
        0,
        0,
        0,
        0
      ],
      "/Users/michaelmckenna/Coding/Rails/acc_proj_management/app/channels/application_cable/channel.rb": [
        0,
        0,
        0,
        0
      ]
    },
    "timestamp": 1523305781
  },
  "Cucumber Features": {
    "coverage": {
      "/Users/justnp/acc_proj_management/features/step_definitions/signIn.rb": [
        1,
        null,
        3,
        null,
        null,
        1,
        null,
        null,
        null,
        1,
        null,
        null,
        null,
        1,
        null,
        null,
        null,
        1,
        null,
        null,
        null,
        1,
        null,
        null,
        null,
        1,
        null,
        null,
        null,
        1,
        null,
        null,
        null,
        1,
        null,
        null,
        null,
        1,
        null,
        null
      ]
    },
    "timestamp": 1520385021
  }
}
